2017-03-30 18:24:03 [scrapy.utils.log] INFO: Scrapy 1.3.0 started (bot: HospitalGenerator)
2017-03-30 18:24:03 [scrapy.utils.log] INFO: Overridden settings: {'NEWSPIDER_MODULE': 'HospitalGenerator.spiders', 'ROBOTSTXT_OBEY': True, 'LOG_LEVEL': 20, 'SPIDER_MODULES': ['HospitalGenerator.spiders'], 'BOT_NAME': 'HospitalGenerator', 'USER_AGENT': 'Mozilla/5.0 (Windows NT 10.0; Win64; x64) AppleWebKit/537.36 (KHTML, like Gecko) Chrome/54.0.2840.71 Safari/537.36', 'LOG_FILE': 'hospital.log'}
2017-03-30 18:24:05 [py.warnings] WARNING: C:\CocosEnv\Python27\lib\site-packages\sqlalchemy\engine\default.py:470: Warning: Can't create database 'bids'; database exists
  cursor.execute(statement, parameters)

2017-03-30 18:24:05 [scrapy.middleware] INFO: Enabled extensions:
['scrapy.extensions.logstats.LogStats',
 'scrapy.extensions.telnet.TelnetConsole',
 'scrapy.extensions.corestats.CoreStats']
2017-03-30 18:24:05 [scrapy.middleware] INFO: Enabled downloader middlewares:
['scrapy.downloadermiddlewares.robotstxt.RobotsTxtMiddleware',
 'scrapy.downloadermiddlewares.httpauth.HttpAuthMiddleware',
 'scrapy.downloadermiddlewares.downloadtimeout.DownloadTimeoutMiddleware',
 'scrapy.downloadermiddlewares.defaultheaders.DefaultHeadersMiddleware',
 'scrapy.downloadermiddlewares.useragent.UserAgentMiddleware',
 'scrapy.downloadermiddlewares.retry.RetryMiddleware',
 'scrapy.downloadermiddlewares.redirect.MetaRefreshMiddleware',
 'scrapy.downloadermiddlewares.httpcompression.HttpCompressionMiddleware',
 'scrapy.downloadermiddlewares.redirect.RedirectMiddleware',
 'scrapy.downloadermiddlewares.cookies.CookiesMiddleware',
 'scrapy.downloadermiddlewares.stats.DownloaderStats']
2017-03-30 18:24:05 [scrapy.middleware] INFO: Enabled spider middlewares:
['scrapy.spidermiddlewares.httperror.HttpErrorMiddleware',
 'scrapy.spidermiddlewares.offsite.OffsiteMiddleware',
 'scrapy.spidermiddlewares.referer.RefererMiddleware',
 'scrapy.spidermiddlewares.urllength.UrlLengthMiddleware',
 'scrapy.spidermiddlewares.depth.DepthMiddleware']
2017-03-30 18:24:05 [scrapy.middleware] INFO: Enabled item pipelines:
['HospitalGenerator.pipelines.HospitalgeneratorPipeline',
 'HospitalGenerator.pipelines.MySQLPipline']
2017-03-30 18:24:05 [scrapy.core.engine] INFO: Spider opened
2017-03-30 18:24:05 [scrapy.extensions.logstats] INFO: Crawled 0 pages (at 0 pages/min), scraped 0 items (at 0 items/min)
2017-03-30 18:24:06 [scrapy.core.scraper] WARNING: Dropped: 去掉不符合信息
{'desc': '\xd7\xa1\xd4\xba\xca\xd5\xb7\xd1\xca\xb1\xbc\xe4\xb8\xfc\xb8\xc4\xcd\xa8\xd6\xaa',
 'link': u'http://www.xtzxyy.com/cn/news.aspx?id=4156',
 'msgFrom': '\xce\xf7\xb0\xb2\xca\xd0\xb5\xda\xbe\xc5\xd2\xbd\xd4\xba',
 'postTime': '\r\n            2007-04-09\r\n        ',
 'title': '\r\n\t\xce\xf7\xb0\xb2\xca\xd0\xb5\xda\xbe\xc5\xd2\xbd\xd4\xba(\xce\xf7\xb0\xb2\xca\xd0\xcc\xfa\xc2\xb7\xd6\xd0\xd0\xc4\xd2\xbd\xd4\xba)\r\n'}
2017-03-30 18:24:06 [scrapy.core.scraper] WARNING: Dropped: 去掉不符合信息
{'desc': '\xc9\xe8\xb1\xb8\xbf\xc6\xcd\xa8\xd6\xaa',
 'link': u'http://www.xtzxyy.com/cn/news.aspx?id=4155',
 'msgFrom': '\xce\xf7\xb0\xb2\xca\xd0\xb5\xda\xbe\xc5\xd2\xbd\xd4\xba',
 'postTime': '\r\n            2007-04-09\r\n        ',
 'title': '\r\n\t\xce\xf7\xb0\xb2\xca\xd0\xb5\xda\xbe\xc5\xd2\xbd\xd4\xba(\xce\xf7\xb0\xb2\xca\xd0\xcc\xfa\xc2\xb7\xd6\xd0\xd0\xc4\xd2\xbd\xd4\xba)\r\n'}
2017-03-30 18:24:06 [scrapy.core.scraper] WARNING: Dropped: 去掉不符合信息
{'desc': '\xd5\xf7\xce\xc4',
 'link': u'http://www.xtzxyy.com/cn/news.aspx?id=4153',
 'msgFrom': '\xce\xf7\xb0\xb2\xca\xd0\xb5\xda\xbe\xc5\xd2\xbd\xd4\xba',
 'postTime': '\r\n            2007-03-26\r\n        ',
 'title': '\r\n\t\xce\xf7\xb0\xb2\xca\xd0\xb5\xda\xbe\xc5\xd2\xbd\xd4\xba(\xce\xf7\xb0\xb2\xca\xd0\xcc\xfa\xc2\xb7\xd6\xd0\xd0\xc4\xd2\xbd\xd4\xba)\r\n'}
2017-03-30 18:24:06 [scrapy.core.scraper] WARNING: Dropped: 去掉不符合信息
{'desc': '\xa1\xb6\xd2\xbd\xc1\xc6\xb9\xe3\xb8\xe6\xb9\xdc\xc0\xed\xb0\xec\xb7\xa8\xa1\xb7\xb5\xc4\xcd\xa8\xd6\xaa',
 'link': u'http://www.xtzxyy.com/cn/news.aspx?id=4154',
 'msgFrom': '\xce\xf7\xb0\xb2\xca\xd0\xb5\xda\xbe\xc5\xd2\xbd\xd4\xba',
 'postTime': '\r\n            2007-01-26\r\n        ',
 'title': '\r\n\t\xce\xf7\xb0\xb2\xca\xd0\xb5\xda\xbe\xc5\xd2\xbd\xd4\xba(\xce\xf7\xb0\xb2\xca\xd0\xcc\xfa\xc2\xb7\xd6\xd0\xd0\xc4\xd2\xbd\xd4\xba)\r\n'}
2017-03-30 18:24:06 [scrapy.core.scraper] WARNING: Dropped: 去掉不符合信息
{'desc': '2009\xc4\xea\xb9\xfa\xc7\xec\xbd\xda\xa1\xa2\xd6\xd0\xc7\xef\xbd\xda\xb7\xc5\xbc\xd9\xcd\xa8\xd6\xaa',
 'link': u'http://www.xtzxyy.com/cn/news.aspx?id=4182',
 'msgFrom': '\xce\xf7\xb0\xb2\xca\xd0\xb5\xda\xbe\xc5\xd2\xbd\xd4\xba',
 'postTime': '\r\n            2009-09-22\r\n        ',
 'title': '\r\n\t\xce\xf7\xb0\xb2\xca\xd0\xb5\xda\xbe\xc5\xd2\xbd\xd4\xba(\xce\xf7\xb0\xb2\xca\xd0\xcc\xfa\xc2\xb7\xd6\xd0\xd0\xc4\xd2\xbd\xd4\xba)\r\n'}
2017-03-30 18:24:06 [scrapy.core.scraper] WARNING: Dropped: 去掉不符合信息
{'desc': '\xbf\xaa\xd5\xb9\xd1\xa7\xca\xf5\xbb\xee\xb6\xaf\xb5\xc4\xcd\xa8\xd6\xaa',
 'link': u'http://www.xtzxyy.com/cn/news.aspx?id=4205',
 'msgFrom': '\xce\xf7\xb0\xb2\xca\xd0\xb5\xda\xbe\xc5\xd2\xbd\xd4\xba',
 'postTime': '\r\n            2009-09-16\r\n        ',
 'title': '\r\n\t\xce\xf7\xb0\xb2\xca\xd0\xb5\xda\xbe\xc5\xd2\xbd\xd4\xba(\xce\xf7\xb0\xb2\xca\xd0\xcc\xfa\xc2\xb7\xd6\xd0\xd0\xc4\xd2\xbd\xd4\xba)\r\n'}
2017-03-30 18:24:06 [scrapy.core.scraper] WARNING: Dropped: 去掉不符合信息
{'desc': '\xce\xd2\xd4\xba\xbe\xd9\xb0\xec\xa1\xb6\xd4\xf5\xd1\xf9\xd7\xf7\xba\xc3\xbb\xa4\xc0\xed\xd0\xc4\xc0\xed\xb9\xa4\xd7\xf7\xa1\xb7\xbd\xb2\xd7\xf9\xb5\xc4\xcd\xa8\xd6\xaa',
 'link': u'http://www.xtzxyy.com/cn/news.aspx?id=4197',
 'msgFrom': '\xce\xf7\xb0\xb2\xca\xd0\xb5\xda\xbe\xc5\xd2\xbd\xd4\xba',
 'postTime': '\r\n            2009-09-01\r\n        ',
 'title': '\r\n\t\xce\xf7\xb0\xb2\xca\xd0\xb5\xda\xbe\xc5\xd2\xbd\xd4\xba(\xce\xf7\xb0\xb2\xca\xd0\xcc\xfa\xc2\xb7\xd6\xd0\xd0\xc4\xd2\xbd\xd4\xba)\r\n'}
2017-03-30 18:24:06 [scrapy.core.scraper] WARNING: Dropped: 去掉不符合信息
{'desc': '\xd2\xbd\xd4\xba\xd5\xd9\xbf\xaa\xd2\xbd\xc1\xc6\xb0\xb2\xc8\xab\xb0\xb8\xc0\xfd\xb7\xd6\xce\xf6\xbb\xe1\xb5\xc4\xcd\xa8\xd6\xaa',
 'link': u'http://www.xtzxyy.com/cn/news.aspx?id=4204',
 'msgFrom': '\xce\xf7\xb0\xb2\xca\xd0\xb5\xda\xbe\xc5\xd2\xbd\xd4\xba',
 'postTime': '\r\n            2009-07-13\r\n        ',
 'title': '\r\n\t\xce\xf7\xb0\xb2\xca\xd0\xb5\xda\xbe\xc5\xd2\xbd\xd4\xba(\xce\xf7\xb0\xb2\xca\xd0\xcc\xfa\xc2\xb7\xd6\xd0\xd0\xc4\xd2\xbd\xd4\xba)\r\n'}
2017-03-30 18:24:06 [scrapy.core.scraper] WARNING: Dropped: 去掉不符合信息
{'desc': '\xca\xe9\xbb\xad\xc9\xe3\xd3\xb0\xd5\xb9\xd5\xf7\xb8\xe5\xb5\xc4\xcd\xa8\xd6\xaa',
 'link': u'http://www.xtzxyy.com/cn/news.aspx?id=4196',
 'msgFrom': '\xce\xf7\xb0\xb2\xca\xd0\xb5\xda\xbe\xc5\xd2\xbd\xd4\xba',
 'postTime': '\r\n            2009-07-08\r\n        ',
 'title': '\r\n\t\xce\xf7\xb0\xb2\xca\xd0\xb5\xda\xbe\xc5\xd2\xbd\xd4\xba(\xce\xf7\xb0\xb2\xca\xd0\xcc\xfa\xc2\xb7\xd6\xd0\xd0\xc4\xd2\xbd\xd4\xba)\r\n'}
2017-03-30 18:24:06 [scrapy.core.scraper] WARNING: Dropped: 去掉不符合信息
{'desc': '\xc9\xd5\xc9\xcb\xd5\xfb\xd0\xce\xbf\xc6\xbf\xaa\xd5\xb9\xd1\xa7\xca\xf5\xbb\xee\xb6\xaf\xb5\xc4\xcd\xa8\xd6\xaa',
 'link': u'http://www.xtzxyy.com/cn/news.aspx?id=4203',
 'msgFrom': '\xce\xf7\xb0\xb2\xca\xd0\xb5\xda\xbe\xc5\xd2\xbd\xd4\xba',
 'postTime': '\r\n            2009-06-22\r\n        ',
 'title': '\r\n\t\xce\xf7\xb0\xb2\xca\xd0\xb5\xda\xbe\xc5\xd2\xbd\xd4\xba(\xce\xf7\xb0\xb2\xca\xd0\xcc\xfa\xc2\xb7\xd6\xd0\xd0\xc4\xd2\xbd\xd4\xba)\r\n'}
2017-03-30 18:24:06 [scrapy.core.scraper] WARNING: Dropped: 去掉不符合信息
{'desc': '\xbf\xaa\xd5\xb9\xd1\xa7\xca\xf5\xbb\xee\xb6\xaf\xb5\xc4\xcd\xa8\xd6\xaa',
 'link': u'http://www.xtzxyy.com/cn/news.aspx?id=4202',
 'msgFrom': '\xce\xf7\xb0\xb2\xca\xd0\xb5\xda\xbe\xc5\xd2\xbd\xd4\xba',
 'postTime': '\r\n            2009-06-03\r\n        ',
 'title': '\r\n\t\xce\xf7\xb0\xb2\xca\xd0\xb5\xda\xbe\xc5\xd2\xbd\xd4\xba(\xce\xf7\xb0\xb2\xca\xd0\xcc\xfa\xc2\xb7\xd6\xd0\xd0\xc4\xd2\xbd\xd4\xba)\r\n'}
2017-03-30 18:24:06 [scrapy.core.scraper] WARNING: Dropped: 去掉不符合信息
{'desc': '\xce\xd2\xd4\xba\xd1\xaa\xc6\xf8\xb7\xd6\xce\xf6\xb9\xa4\xd7\xf7\xd2\xd1\xc8\xab\xc3\xe6\xbb\xd6\xb8\xb4',
 'link': u'http://www.xtzxyy.com/cn/news.aspx?id=4195',
 'msgFrom': '\xce\xf7\xb0\xb2\xca\xd0\xb5\xda\xbe\xc5\xd2\xbd\xd4\xba',
 'postTime': '\r\n            2009-05-13\r\n        ',
 'title': '\r\n\t\xce\xf7\xb0\xb2\xca\xd0\xb5\xda\xbe\xc5\xd2\xbd\xd4\xba(\xce\xf7\xb0\xb2\xca\xd0\xcc\xfa\xc2\xb7\xd6\xd0\xd0\xc4\xd2\xbd\xd4\xba)\r\n'}
2017-03-30 18:24:06 [scrapy.core.scraper] WARNING: Dropped: 去掉不符合信息
{'desc': '\xb2\xa1\xc0\xed\xbf\xc6\xd1\xa7\xca\xf5\xbb\xee\xb6\xaf\xcd\xa8\xd6\xaa',
 'link': u'http://www.xtzxyy.com/cn/news.aspx?id=4201',
 'msgFrom': '\xce\xf7\xb0\xb2\xca\xd0\xb5\xda\xbe\xc5\xd2\xbd\xd4\xba',
 'postTime': '\r\n            2009-05-13\r\n        ',
 'title': '\r\n\t\xce\xf7\xb0\xb2\xca\xd0\xb5\xda\xbe\xc5\xd2\xbd\xd4\xba(\xce\xf7\xb0\xb2\xca\xd0\xcc\xfa\xc2\xb7\xd6\xd0\xd0\xc4\xd2\xbd\xd4\xba)\r\n'}
2017-03-30 18:24:06 [scrapy.core.scraper] WARNING: Dropped: 去掉不符合信息
{'desc': '\xc3\xc5\xd5\xef\xc2\xa5\xcd\xe2\xc7\xbd\xce\xac\xd0\xde',
 'link': u'http://www.xtzxyy.com/cn/news.aspx?id=4194',
 'msgFrom': '\xce\xf7\xb0\xb2\xca\xd0\xb5\xda\xbe\xc5\xd2\xbd\xd4\xba',
 'postTime': '\r\n            2009-04-25\r\n        ',
 'title': '\r\n\t\xce\xf7\xb0\xb2\xca\xd0\xb5\xda\xbe\xc5\xd2\xbd\xd4\xba(\xce\xf7\xb0\xb2\xca\xd0\xcc\xfa\xc2\xb7\xd6\xd0\xd0\xc4\xd2\xbd\xd4\xba)\r\n'}
2017-03-30 18:24:06 [scrapy.core.scraper] WARNING: Dropped: 去掉不符合信息
{'desc': '\xb8\xd0\xc8\xbe\xbf\xc6\xd1\xa7\xca\xf5\xbb\xee\xb6\xaf\xcd\xa8\xd6\xaa',
 'link': u'http://www.xtzxyy.com/cn/news.aspx?id=4200',
 'msgFrom': '\xce\xf7\xb0\xb2\xca\xd0\xb5\xda\xbe\xc5\xd2\xbd\xd4\xba',
 'postTime': '\r\n            2009-04-20\r\n        ',
 'title': '\r\n\t\xce\xf7\xb0\xb2\xca\xd0\xb5\xda\xbe\xc5\xd2\xbd\xd4\xba(\xce\xf7\xb0\xb2\xca\xd0\xcc\xfa\xc2\xb7\xd6\xd0\xd0\xc4\xd2\xbd\xd4\xba)\r\n'}
2017-03-30 18:24:06 [scrapy.core.scraper] WARNING: Dropped: 去掉不符合信息
{'desc': '\xc9\xf6\xd4\xe0\xc4\xda\xbf\xc6\xd1\xa7\xca\xf5\xbb\xee\xb6\xaf\xcd\xa8\xd6\xaa',
 'link': u'http://www.xtzxyy.com/cn/news.aspx?id=4199',
 'msgFrom': '\xce\xf7\xb0\xb2\xca\xd0\xb5\xda\xbe\xc5\xd2\xbd\xd4\xba',
 'postTime': '\r\n            2009-04-06\r\n        ',
 'title': '\r\n\t\xce\xf7\xb0\xb2\xca\xd0\xb5\xda\xbe\xc5\xd2\xbd\xd4\xba(\xce\xf7\xb0\xb2\xca\xd0\xcc\xfa\xc2\xb7\xd6\xd0\xd0\xc4\xd2\xbd\xd4\xba)\r\n'}
2017-03-30 18:24:06 [scrapy.core.scraper] WARNING: Dropped: 去掉不符合信息
{'desc': '\xc3\xda\xc4\xf2\xcd\xe2\xbf\xc6\xbf\xaa\xd5\xb9\xce\xde\xcd\xb4\xb0\xf2\xeb\xd7\xbe\xb5\xbc\xec\xb2\xe9',
 'link': u'http://www.xtzxyy.com/cn/news.aspx?id=4191',
 'msgFrom': '\xce\xf7\xb0\xb2\xca\xd0\xb5\xda\xbe\xc5\xd2\xbd\xd4\xba',
 'postTime': '\r\n            2009-03-13\r\n        ',
 'title': '\r\n\t\xce\xf7\xb0\xb2\xca\xd0\xb5\xda\xbe\xc5\xd2\xbd\xd4\xba(\xce\xf7\xb0\xb2\xca\xd0\xcc\xfa\xc2\xb7\xd6\xd0\xd0\xc4\xd2\xbd\xd4\xba)\r\n'}
2017-03-30 18:24:06 [scrapy.core.scraper] WARNING: Dropped: 去掉不符合信息
{'desc': '\xb8\xbe\xb2\xfa\xbf\xc6\xbf\xaa\xd5\xb9\xa1\xb0\xb9\xd8\xb0\xae\xc5\xae\xd0\xd4\xcb\xcd\xbd\xa1\xbf\xb5\xa1\xb1\xbb\xee\xb6\xaf',
 'link': u'http://www.xtzxyy.com/cn/news.aspx?id=4192',
 'msgFrom': '\xce\xf7\xb0\xb2\xca\xd0\xb5\xda\xbe\xc5\xd2\xbd\xd4\xba',
 'postTime': '\r\n            2009-03-13\r\n        ',
 'title': '\r\n\t\xce\xf7\xb0\xb2\xca\xd0\xb5\xda\xbe\xc5\xd2\xbd\xd4\xba(\xce\xf7\xb0\xb2\xca\xd0\xcc\xfa\xc2\xb7\xd6\xd0\xd0\xc4\xd2\xbd\xd4\xba)\r\n'}
2017-03-30 18:24:06 [scrapy.core.scraper] WARNING: Dropped: 去掉不符合信息
{'desc': '\xce\xd2\xd4\xba\xbe\xd9\xb0\xec\xa1\xb0\xc0\xcf\xc4\xea\xc5\xae\xd0\xd4\xb5\xc4\xb1\xa3\xbd\xa1\xa1\xb1\xbd\xb2\xd7\xf9',
 'link': u'http://www.xtzxyy.com/cn/news.aspx?id=4198',
 'msgFrom': '\xce\xf7\xb0\xb2\xca\xd0\xb5\xda\xbe\xc5\xd2\xbd\xd4\xba',
 'postTime': '\r\n            2009-03-02\r\n        ',
 'title': '\r\n\t\xce\xf7\xb0\xb2\xca\xd0\xb5\xda\xbe\xc5\xd2\xbd\xd4\xba(\xce\xf7\xb0\xb2\xca\xd0\xcc\xfa\xc2\xb7\xd6\xd0\xd0\xc4\xd2\xbd\xd4\xba)\r\n'}
2017-03-30 18:24:06 [scrapy.core.scraper] WARNING: Dropped: 去掉不符合信息
{'desc': '\xd4\xd0\xb8\xbe\xd1\xa7\xd0\xa32009\xc4\xea\xbf\xce\xb3\xcc\xb0\xb2\xc5\xc5',
 'link': u'http://www.xtzxyy.com/cn/news.aspx?id=4185',
 'msgFrom': '\xce\xf7\xb0\xb2\xca\xd0\xb5\xda\xbe\xc5\xd2\xbd\xd4\xba',
 'postTime': '\r\n            2009-02-26\r\n        ',
 'title': '\r\n\t\xce\xf7\xb0\xb2\xca\xd0\xb5\xda\xbe\xc5\xd2\xbd\xd4\xba(\xce\xf7\xb0\xb2\xca\xd0\xcc\xfa\xc2\xb7\xd6\xd0\xd0\xc4\xd2\xbd\xd4\xba)\r\n'}
2017-03-30 18:24:06 [scrapy.core.scraper] WARNING: Dropped: 去掉不符合信息
{'desc': '\xce\xd2\xd4\xba\xbf\xaa\xd5\xb9\xce\xde\xcd\xb4\xd6\xa7\xc6\xf8\xb9\xdc\xbe\xb5\xbc\xec\xb2\xe9',
 'link': u'http://www.xtzxyy.com/cn/news.aspx?id=4190',
 'msgFrom': '\xce\xf7\xb0\xb2\xca\xd0\xb5\xda\xbe\xc5\xd2\xbd\xd4\xba',
 'postTime': '\r\n            2009-02-10\r\n        ',
 'title': '\r\n\t\xce\xf7\xb0\xb2\xca\xd0\xb5\xda\xbe\xc5\xd2\xbd\xd4\xba(\xce\xf7\xb0\xb2\xca\xd0\xcc\xfa\xc2\xb7\xd6\xd0\xd0\xc4\xd2\xbd\xd4\xba)\r\n'}
2017-03-30 18:24:06 [scrapy.core.scraper] WARNING: Dropped: 去掉不符合信息
{'desc': '\xb9\xd8\xbd\xda\xbe\xb5\xcd\xe2\xbf\xc6\xd7\xa8\xbf\xc6\xc3\xc5\xd5\xef\xbf\xaa\xd5\xef\xc1\xcb',
 'link': u'http://www.xtzxyy.com/cn/news.aspx?id=4189',
 'msgFrom': '\xce\xf7\xb0\xb2\xca\xd0\xb5\xda\xbe\xc5\xd2\xbd\xd4\xba',
 'postTime': '\r\n            2009-01-09\r\n        ',
 'title': '\r\n\t\xce\xf7\xb0\xb2\xca\xd0\xb5\xda\xbe\xc5\xd2\xbd\xd4\xba(\xce\xf7\xb0\xb2\xca\xd0\xcc\xfa\xc2\xb7\xd6\xd0\xd0\xc4\xd2\xbd\xd4\xba)\r\n'}
2017-03-30 18:24:06 [scrapy.core.scraper] WARNING: Dropped: 去掉不符合信息
{'desc': '2008\xc4\xea\xb2\xc6\xce\xf1\xbe\xf6\xcb\xe3\xb6\xd4\xbf\xe2\xb4\xe6\xce\xef\xd7\xca\xb5\xc4\xc7\xe5\xb2\xe9\xb0\xb2\xc5\xc5',
 'link': u'http://www.xtzxyy.com/cn/news.aspx?id=4188',
 'msgFrom': '\xce\xf7\xb0\xb2\xca\xd0\xb5\xda\xbe\xc5\xd2\xbd\xd4\xba',
 'postTime': '\r\n            2008-12-24\r\n        ',
 'title': '\r\n\t\xce\xf7\xb0\xb2\xca\xd0\xb5\xda\xbe\xc5\xd2\xbd\xd4\xba(\xce\xf7\xb0\xb2\xca\xd0\xcc\xfa\xc2\xb7\xd6\xd0\xd0\xc4\xd2\xbd\xd4\xba)\r\n'}
2017-03-30 18:24:06 [scrapy.core.scraper] WARNING: Dropped: 去掉不符合信息
{'desc': '\xce\xd2\xd4\xba\xbf\xaa\xd5\xb9\xce\xde\xcd\xb4\xce\xb8\xbe\xb5\xb9\xa4\xd7\xf7',
 'link': u'http://www.xtzxyy.com/cn/news.aspx?id=4187',
 'msgFrom': '\xce\xf7\xb0\xb2\xca\xd0\xb5\xda\xbe\xc5\xd2\xbd\xd4\xba',
 'postTime': '\r\n            2008-10-31\r\n        ',
 'title': '\r\n\t\xce\xf7\xb0\xb2\xca\xd0\xb5\xda\xbe\xc5\xd2\xbd\xd4\xba(\xce\xf7\xb0\xb2\xca\xd0\xcc\xfa\xc2\xb7\xd6\xd0\xd0\xc4\xd2\xbd\xd4\xba)\r\n'}
2017-03-30 18:24:06 [scrapy.core.scraper] WARNING: Dropped: 去掉不符合信息
{'desc': '\xd2\xbd\xd4\xba\xce\xaa\xc8\xab\xcc\xe5\xd6\xb0\xb9\xa4\xb0\xec\xc0\xed\xa1\xb0\xbd\xf0\xcb\xf8\xbc\xd2\xcd\xa5\xb2\xc6\xb2\xfa\xd7\xdb\xba\xcf\xb1\xa3\xcf\xd5\xa1\xb1',
 'link': u'http://www.xtzxyy.com/cn/news.aspx?id=4186',
 'msgFrom': '\xce\xf7\xb0\xb2\xca\xd0\xb5\xda\xbe\xc5\xd2\xbd\xd4\xba',
 'postTime': '\r\n            2008-10-21\r\n        ',
 'title': '\r\n\t\xce\xf7\xb0\xb2\xca\xd0\xb5\xda\xbe\xc5\xd2\xbd\xd4\xba(\xce\xf7\xb0\xb2\xca\xd0\xcc\xfa\xc2\xb7\xd6\xd0\xd0\xc4\xd2\xbd\xd4\xba)\r\n'}
2017-03-30 18:24:06 [scrapy.core.scraper] WARNING: Dropped: 去掉不符合信息
{'desc': '\xce\xd2\xd4\xba\xb1\xa6\xb1\xa6\xd3\xce\xd3\xbe\xb7\xbb\xd3\xda7\xd4\xc28\xc8\xd5\xd5\xfd\xca\xbd\xb3\xc9\xc1\xa2\xbf\xaa\xca\xbc\xd4\xcb\xd0\xd0',
 'link': u'http://www.xtzxyy.com/cn/news.aspx?id=4184',
 'msgFrom': '\xce\xf7\xb0\xb2\xca\xd0\xb5\xda\xbe\xc5\xd2\xbd\xd4\xba',
 'postTime': '\r\n            2008-07-09\r\n        ',
 'title': '\r\n\t\xce\xf7\xb0\xb2\xca\xd0\xb5\xda\xbe\xc5\xd2\xbd\xd4\xba(\xce\xf7\xb0\xb2\xca\xd0\xcc\xfa\xc2\xb7\xd6\xd0\xd0\xc4\xd2\xbd\xd4\xba)\r\n'}
2017-03-30 18:24:06 [scrapy.core.scraper] WARNING: Dropped: 去掉不符合信息
{'desc': '\xce\xd2\xd4\xba\xd7\xee\xd0\xc2\xb9\xba\xd6\xc3\xcc\xe5\xcd\xe2\xb3\xe5\xbb\xf7\xb2\xa8\xcb\xe9\xca\xaf\xbb\xfa\xcd\xb6\xc8\xeb\xca\xb9\xd3\xc3',
 'link': u'http://www.xtzxyy.com/cn/news.aspx?id=4183',
 'msgFrom': '\xce\xf7\xb0\xb2\xca\xd0\xb5\xda\xbe\xc5\xd2\xbd\xd4\xba',
 'postTime': '\r\n            2008-06-02\r\n        ',
 'title': '\r\n\t\xce\xf7\xb0\xb2\xca\xd0\xb5\xda\xbe\xc5\xd2\xbd\xd4\xba(\xce\xf7\xb0\xb2\xca\xd0\xcc\xfa\xc2\xb7\xd6\xd0\xd0\xc4\xd2\xbd\xd4\xba)\r\n'}
2017-03-30 18:24:06 [scrapy.core.scraper] WARNING: Dropped: 去掉不符合信息
{'desc': '5\xd6\xd6\xb7\xbd\xca\xbd\xbf\xc9\xb2\xe9\xd7\xa1\xb7\xbf\xb9\xab\xbb\xfd\xbd\xf0',
 'link': u'http://www.xtzxyy.com/cn/news.aspx?id=4181',
 'msgFrom': '\xce\xf7\xb0\xb2\xca\xd0\xb5\xda\xbe\xc5\xd2\xbd\xd4\xba',
 'postTime': '\r\n            2008-05-23\r\n        ',
 'title': '\r\n\t\xce\xf7\xb0\xb2\xca\xd0\xb5\xda\xbe\xc5\xd2\xbd\xd4\xba(\xce\xf7\xb0\xb2\xca\xd0\xcc\xfa\xc2\xb7\xd6\xd0\xd0\xc4\xd2\xbd\xd4\xba)\r\n'}
2017-03-30 18:24:06 [scrapy.core.scraper] WARNING: Dropped: 去掉不符合信息
{'desc': '\xce\xf7\xb0\xb2\xca\xd0\xd6\xb0\xb9\xa4\xd2\xbd\xc1\xc6\xbb\xa5\xd6\xfa\xb1\xa3\xd5\xcf\xbf\xaa\xca\xbc\xc0\xed\xc5\xe2\xc1\xcb',
 'link': u'http://www.xtzxyy.com/cn/news.aspx?id=4228',
 'msgFrom': '\xce\xf7\xb0\xb2\xca\xd0\xb5\xda\xbe\xc5\xd2\xbd\xd4\xba',
 'postTime': '\r\n            2010-05-19\r\n        ',
 'title': '\r\n\t\xce\xf7\xb0\xb2\xca\xd0\xb5\xda\xbe\xc5\xd2\xbd\xd4\xba(\xce\xf7\xb0\xb2\xca\xd0\xcc\xfa\xc2\xb7\xd6\xd0\xd0\xc4\xd2\xbd\xd4\xba)\r\n'}
2017-03-30 18:24:06 [scrapy.core.scraper] WARNING: Dropped: 去掉不符合信息
{'desc': '\xb9\xd8\xd3\xda\xd7\xe9\xd6\xaf\xbf\xaa\xd5\xb92010\xc4\xea\xce\xc0\xc9\xfa\xb2\xbf\xd3\xd0\xcd\xbb\xb3\xf6\xb9\xb1\xcf\xd7\xd6\xd0\xc7\xe0\xc4\xea\xd7\xa8\xbc\xd2\xd1\xa1\xb0\xce\xb9\xa4\xd7\xf7\xb5\xc4\xcd\xa8\xd6\xaa',
 'link': u'http://www.xtzxyy.com/cn/news.aspx?id=4224',
 'msgFrom': '\xce\xf7\xb0\xb2\xca\xd0\xb5\xda\xbe\xc5\xd2\xbd\xd4\xba',
 'postTime': '\r\n            2010-03-31\r\n        ',
 'title': '\r\n\t\xce\xf7\xb0\xb2\xca\xd0\xb5\xda\xbe\xc5\xd2\xbd\xd4\xba(\xce\xf7\xb0\xb2\xca\xd0\xcc\xfa\xc2\xb7\xd6\xd0\xd0\xc4\xd2\xbd\xd4\xba)\r\n'}
2017-03-30 18:24:06 [scrapy.core.scraper] WARNING: Dropped: 去掉不符合信息
{'desc': '\xd5\xfd\xb8\xdf\xb6\xfe\xbc\xb6\xb8\xda\xce\xbb\xbe\xba\xc6\xb8\xcc\xf5\xbc\xfe',
 'link': u'http://www.xtzxyy.com/cn/news.aspx?id=4220',
 'msgFrom': '\xce\xf7\xb0\xb2\xca\xd0\xb5\xda\xbe\xc5\xd2\xbd\xd4\xba',
 'postTime': '\r\n            2010-03-02\r\n        ',
 'title': '\r\n\t\xce\xf7\xb0\xb2\xca\xd0\xb5\xda\xbe\xc5\xd2\xbd\xd4\xba(\xce\xf7\xb0\xb2\xca\xd0\xcc\xfa\xc2\xb7\xd6\xd0\xd0\xc4\xd2\xbd\xd4\xba)\r\n'}
2017-03-30 18:24:06 [scrapy.core.scraper] WARNING: Dropped: 去掉不符合信息
{'desc': '\xb9\xd8\xd3\xda\xc9\xea\xb1\xa82010\xc4\xea\xd6\xd0\xbb\xaa\xd2\xbd\xd1\xa7\xbb\xe1\xbf\xc6\xbc\xbc\xbd\xb1\xb5\xc4\xcd\xa8\xd6\xaa',
 'link': u'http://www.xtzxyy.com/cn/news.aspx?id=4219',
 'msgFrom': '\xce\xf7\xb0\xb2\xca\xd0\xb5\xda\xbe\xc5\xd2\xbd\xd4\xba',
 'postTime': '\r\n            2010-02-09\r\n        ',
 'title': '\r\n\t\xce\xf7\xb0\xb2\xca\xd0\xb5\xda\xbe\xc5\xd2\xbd\xd4\xba(\xce\xf7\xb0\xb2\xca\xd0\xcc\xfa\xc2\xb7\xd6\xd0\xd0\xc4\xd2\xbd\xd4\xba)\r\n'}
2017-03-30 18:24:06 [scrapy.core.scraper] WARNING: Dropped: 去掉不符合信息
{'desc': '\xce\xd2\xd4\xba\xd2\xfd\xc8\xeb\xb2\xa9\xca\xbf\xd1\xd0\xbe\xbf\xc9\xfa\xd5\xfe\xb2\xdf',
 'link': u'http://www.xtzxyy.com/cn/news.aspx?id=4193',
 'msgFrom': '\xce\xf7\xb0\xb2\xca\xd0\xb5\xda\xbe\xc5\xd2\xbd\xd4\xba',
 'postTime': '\r\n            2010-02-01\r\n        ',
 'title': '\r\n\t\xce\xf7\xb0\xb2\xca\xd0\xb5\xda\xbe\xc5\xd2\xbd\xd4\xba(\xce\xf7\xb0\xb2\xca\xd0\xcc\xfa\xc2\xb7\xd6\xd0\xd0\xc4\xd2\xbd\xd4\xba)\r\n'}
2017-03-30 18:24:06 [scrapy.core.scraper] WARNING: Dropped: 去掉不符合信息
{'desc': '\xce\xd2\xd4\xba\xc6\xb8\xc7\xeb\xb6\xf9\xbf\xc6\xd7\xa8\xbc\xd2\xd6\xdc\xc8\xf0\xbb\xaa\xbd\xcc\xca\xda\xd7\xf8\xd5\xef',
 'link': u'http://www.xtzxyy.com/cn/news.aspx?id=4222',
 'msgFrom': '\xce\xf7\xb0\xb2\xca\xd0\xb5\xda\xbe\xc5\xd2\xbd\xd4\xba',
 'postTime': '\r\n            2010-02-01\r\n        ',
 'title': '\r\n\t\xce\xf7\xb0\xb2\xca\xd0\xb5\xda\xbe\xc5\xd2\xbd\xd4\xba(\xce\xf7\xb0\xb2\xca\xd0\xcc\xfa\xc2\xb7\xd6\xd0\xd0\xc4\xd2\xbd\xd4\xba)\r\n'}
2017-03-30 18:24:06 [scrapy.core.scraper] WARNING: Dropped: 去掉不符合信息
{'desc': '\xb9\xd8\xd3\xda2010\xc4\xea\xb6\xc8\xc8\xab\xca\xa1\xd6\xb0\xb3\xc6\xd2\xbd\xb9\xc5\xce\xc4\xb5\xc8\xbc\xb6\xbf\xbc\xca\xd4\xb1\xa8\xc3\xfb\xb9\xa4\xd7\xf7\xb5\xc4\xcd\xa8\xd6\xaa',
 'link': u'http://www.xtzxyy.com/cn/news.aspx?id=4218',
 'msgFrom': '\xce\xf7\xb0\xb2\xca\xd0\xb5\xda\xbe\xc5\xd2\xbd\xd4\xba',
 'postTime': '\r\n            2010-01-25\r\n        ',
 'title': '\r\n\t\xce\xf7\xb0\xb2\xca\xd0\xb5\xda\xbe\xc5\xd2\xbd\xd4\xba(\xce\xf7\xb0\xb2\xca\xd0\xcc\xfa\xc2\xb7\xd6\xd0\xd0\xc4\xd2\xbd\xd4\xba)\r\n'}
2017-03-30 18:24:06 [scrapy.core.scraper] WARNING: Dropped: 去掉不符合信息
{'desc': '\xb1\xa8\xbf\xbc\xd0\xc5\xcf\xa2\xba\xcb\xb6\xd4\xb5\xc4\xcd\xa8\xd6\xaa',
 'link': u'http://www.xtzxyy.com/cn/news.aspx?id=4217',
 'msgFrom': '\xce\xf7\xb0\xb2\xca\xd0\xb5\xda\xbe\xc5\xd2\xbd\xd4\xba',
 'postTime': '\r\n            2010-01-22\r\n        ',
 'title': '\r\n\t\xce\xf7\xb0\xb2\xca\xd0\xb5\xda\xbe\xc5\xd2\xbd\xd4\xba(\xce\xf7\xb0\xb2\xca\xd0\xcc\xfa\xc2\xb7\xd6\xd0\xd0\xc4\xd2\xbd\xd4\xba)\r\n'}
2017-03-30 18:24:06 [scrapy.core.scraper] WARNING: Dropped: 去掉不符合信息
{'desc': '\xd7\xa3\xba\xd8\xce\xd2\xd4\xba\xb1\xbb\xca\xd0\xd5\xfe\xb8\xae\xc3\xfc\xc3\xfb\xce\xaa\xce\xf7\xb0\xb2\xca\xd0\xb5\xda\xbe\xc5\xd2\xbd\xd4\xba',
 'link': u'http://www.xtzxyy.com/cn/news.aspx?id=4215',
 'msgFrom': '\xce\xf7\xb0\xb2\xca\xd0\xb5\xda\xbe\xc5\xd2\xbd\xd4\xba',
 'postTime': '\r\n            2010-01-04\r\n        ',
 'title': '\r\n\t\xce\xf7\xb0\xb2\xca\xd0\xb5\xda\xbe\xc5\xd2\xbd\xd4\xba(\xce\xf7\xb0\xb2\xca\xd0\xcc\xfa\xc2\xb7\xd6\xd0\xd0\xc4\xd2\xbd\xd4\xba)\r\n'}
2017-03-30 18:24:06 [scrapy.core.scraper] WARNING: Dropped: 去掉不符合信息
{'desc': '\xb9\xd8\xd3\xda2010\xc4\xea\xb6\xc8\xc8\xab\xb9\xfa\xce\xc0\xc9\xfa\xd7\xa8\xd2\xb5\xbc\xbc\xca\xf5\xd7\xca\xb8\xf1\xbf\xbc\xca\xd4\xf4\xdf\xbb\xa4\xca\xbf\xd6\xb4\xd2\xb5\xd7\xca\xb8\xf1\xbf\xbc\xca\xd4\xb9\xa4\xd7\xf7\xb5\xc4\xcd\xa8\xd6\xaa',
 'link': u'http://www.xtzxyy.com/cn/news.aspx?id=4214',
 'msgFrom': '\xce\xf7\xb0\xb2\xca\xd0\xb5\xda\xbe\xc5\xd2\xbd\xd4\xba',
 'postTime': '\r\n            2009-12-11\r\n        ',
 'title': '\r\n\t\xce\xf7\xb0\xb2\xca\xd0\xb5\xda\xbe\xc5\xd2\xbd\xd4\xba(\xce\xf7\xb0\xb2\xca\xd0\xcc\xfa\xc2\xb7\xd6\xd0\xd0\xc4\xd2\xbd\xd4\xba)\r\n'}
2017-03-30 18:24:06 [scrapy.core.scraper] WARNING: Dropped: 去掉不符合信息
{'desc': '2010\xc4\xea\xb6\xc8\xd6\xb0\xb3\xc6\xcd\xe2\xd3\xef\xb5\xc8\xbc\xb6\xbf\xbc\xca\xd4\xb1\xa8\xc3\xfb\xb9\xa4\xd7\xf7\xbf\xaa\xca\xbc',
 'link': u'http://www.xtzxyy.com/cn/news.aspx?id=4212',
 'msgFrom': '\xce\xf7\xb0\xb2\xca\xd0\xb5\xda\xbe\xc5\xd2\xbd\xd4\xba',
 'postTime': '\r\n            2009-11-26\r\n        ',
 'title': '\r\n\t\xce\xf7\xb0\xb2\xca\xd0\xb5\xda\xbe\xc5\xd2\xbd\xd4\xba(\xce\xf7\xb0\xb2\xca\xd0\xcc\xfa\xc2\xb7\xd6\xd0\xd0\xc4\xd2\xbd\xd4\xba)\r\n'}
2017-03-30 18:24:06 [scrapy.core.scraper] WARNING: Dropped: 去掉不符合信息
{'desc': '\xce\xd2\xd4\xba\xbf\xaa\xcd\xa8\xbf\xc6\xd1\xa7\xb7\xa2\xd5\xb9\xb9\xdb\xce\xca\xbd\xa8\xc9\xe8\xd3\xda\xd6\xb0\xb9\xa4\xa3\xac\xb2\xe9\xce\xca\xcc\xe2\xd3\xda\xbb\xbc\xd5\xdf\xd5\xf7\xc7\xf3\xd2\xe2\xbc\xfb\xd3\xca\xcf\xe4',
 'link': u'http://www.xtzxyy.com/cn/news.aspx?id=4211',
 'msgFrom': '\xce\xf7\xb0\xb2\xca\xd0\xb5\xda\xbe\xc5\xd2\xbd\xd4\xba',
 'postTime': '\r\n            2009-11-20\r\n        ',
 'title': '\r\n\t\xce\xf7\xb0\xb2\xca\xd0\xb5\xda\xbe\xc5\xd2\xbd\xd4\xba(\xce\xf7\xb0\xb2\xca\xd0\xcc\xfa\xc2\xb7\xd6\xd0\xd0\xc4\xd2\xbd\xd4\xba)\r\n'}
2017-03-30 18:24:06 [scrapy.core.scraper] WARNING: Dropped: 去掉不符合信息
{'desc': '\xb9\xd8\xd3\xda\xc9\xea\xb1\xa82010\xc4\xea\xce\xf7\xb0\xb2\xca\xd0\xce\xc0\xc9\xfa\xbe\xd6\xbf\xc6\xbc\xbc\xbc\xc6\xbb\xae\xcf\xee\xc4\xbf\xb5\xc4\xcd\xa8\xd6\xaa',
 'link': u'http://www.xtzxyy.com/cn/news.aspx?id=4209',
 'msgFrom': '\xce\xf7\xb0\xb2\xca\xd0\xb5\xda\xbe\xc5\xd2\xbd\xd4\xba',
 'postTime': '\r\n            2009-11-10\r\n        ',
 'title': '\r\n\t\xce\xf7\xb0\xb2\xca\xd0\xb5\xda\xbe\xc5\xd2\xbd\xd4\xba(\xce\xf7\xb0\xb2\xca\xd0\xcc\xfa\xc2\xb7\xd6\xd0\xd0\xc4\xd2\xbd\xd4\xba)\r\n'}
2017-03-30 18:24:06 [scrapy.core.scraper] WARNING: Dropped: 去掉不符合信息
{'desc': '\xb9\xd8\xd3\xda2009\xc4\xea\xb6\xc8\xce\xc0\xc9\xfa\xb8\xdf\xbc\xb6\xd7\xa8\xd2\xb5\xbc\xbc\xca\xf5\xd7\xca\xb8\xf1\xc6\xc0\xc9\xf3\xb9\xa4\xd7\xf7\xb5\xc4\xcd\xa8\xd6\xaa',
 'link': u'http://www.xtzxyy.com/cn/news.aspx?id=4207',
 'msgFrom': '\xce\xf7\xb0\xb2\xca\xd0\xb5\xda\xbe\xc5\xd2\xbd\xd4\xba',
 'postTime': '\r\n            2009-10-15\r\n        ',
 'title': '\r\n\t\xce\xf7\xb0\xb2\xca\xd0\xb5\xda\xbe\xc5\xd2\xbd\xd4\xba(\xce\xf7\xb0\xb2\xca\xd0\xcc\xfa\xc2\xb7\xd6\xd0\xd0\xc4\xd2\xbd\xd4\xba)\r\n'}
2017-03-30 18:24:06 [scrapy.core.scraper] WARNING: Dropped: 去掉不符合信息
{'desc': '2011\xc4\xea\xbb\xfa\xb9\xd8\xca\xc2\xd2\xb5\xb5\xa5\xce\xbb\xb9\xa4\xc7\xda\xbc\xbc\xc4\xdc\xb8\xda\xce\xbb\xcd\xa8\xd6\xaa',
 'link': u'http://www.xtzxyy.com/cn/news.aspx?id=4253',
 'msgFrom': '\xce\xf7\xb0\xb2\xca\xd0\xb5\xda\xbe\xc5\xd2\xbd\xd4\xba',
 'postTime': '\r\n            2011-08-10\r\n        ',
 'title': '\r\n\t\xce\xf7\xb0\xb2\xca\xd0\xb5\xda\xbe\xc5\xd2\xbd\xd4\xba(\xce\xf7\xb0\xb2\xca\xd0\xcc\xfa\xc2\xb7\xd6\xd0\xd0\xc4\xd2\xbd\xd4\xba)\r\n'}
2017-03-30 18:24:06 [scrapy.core.scraper] WARNING: Dropped: 去掉不符合信息
{'desc': '\xcd\xa8\xd6\xaa',
 'link': u'http://www.xtzxyy.com/cn/news.aspx?id=4251',
 'msgFrom': '\xce\xf7\xb0\xb2\xca\xd0\xb5\xda\xbe\xc5\xd2\xbd\xd4\xba',
 'postTime': '\r\n            2011-07-15\r\n        ',
 'title': '\r\n\t\xce\xf7\xb0\xb2\xca\xd0\xb5\xda\xbe\xc5\xd2\xbd\xd4\xba(\xce\xf7\xb0\xb2\xca\xd0\xcc\xfa\xc2\xb7\xd6\xd0\xd0\xc4\xd2\xbd\xd4\xba)\r\n'}
2017-03-30 18:24:06 [scrapy.core.scraper] WARNING: Dropped: 去掉不符合信息
{'desc': '\xb9\xd8\xd3\xda2011\xc4\xea\xb6\xc8\xbb\xa4\xca\xbf\xd6\xb4\xd2\xb5\xd7\xca\xb8\xf1\xbf\xbc\xca\xd4\xb9\xa4\xd7\xf7\xb5\xc4\xcd\xa8\xd6\xaa',
 'link': u'http://www.xtzxyy.com/cn/news.aspx?id=4241',
 'msgFrom': '\xce\xf7\xb0\xb2\xca\xd0\xb5\xda\xbe\xc5\xd2\xbd\xd4\xba',
 'postTime': '\r\n            2011-02-28\r\n        ',
 'title': '\r\n\t\xce\xf7\xb0\xb2\xca\xd0\xb5\xda\xbe\xc5\xd2\xbd\xd4\xba(\xce\xf7\xb0\xb2\xca\xd0\xcc\xfa\xc2\xb7\xd6\xd0\xd0\xc4\xd2\xbd\xd4\xba)\r\n'}
2017-03-30 18:24:06 [scrapy.core.scraper] WARNING: Dropped: 去掉不符合信息
{'desc': '\xb9\xd8\xd3\xda2011\xc4\xea\xb6\xc8\xc8\xab\xb9\xfa\xce\xc0\xc9\xfa\xd7\xa8\xd2\xb5\xbc\xbc\xca\xf5\xd7\xca\xb8\xf1\xbf\xbc\xca\xd4\xb9\xa4\xd7\xf7\xb5\xc4\xcd\xa8\xd6\xaa',
 'link': u'http://www.xtzxyy.com/cn/news.aspx?id=4240',
 'msgFrom': '\xce\xf7\xb0\xb2\xca\xd0\xb5\xda\xbe\xc5\xd2\xbd\xd4\xba',
 'postTime': '\r\n            2010-12-29\r\n        ',
 'title': '\r\n\t\xce\xf7\xb0\xb2\xca\xd0\xb5\xda\xbe\xc5\xd2\xbd\xd4\xba(\xce\xf7\xb0\xb2\xca\xd0\xcc\xfa\xc2\xb7\xd6\xd0\xd0\xc4\xd2\xbd\xd4\xba)\r\n'}
2017-03-30 18:24:06 [scrapy.core.scraper] WARNING: Dropped: 去掉不符合信息
{'desc': '\xb9\xd8\xd3\xda2010\xc4\xea\xb6\xc8\xc8\xab\xca\xa1\xce\xc0\xc9\xfa\xd5\xfd\xb8\xdf\xbc\xb6\xd7\xa8\xd2\xb5\xbc\xbc\xca\xf5\xd7\xca\xb8\xf1\xc6\xc0\xc9\xf3\xb9\xa4\xd7\xf7\xb5\xc4\xcd\xa8\xd6\xaa',
 'link': u'http://www.xtzxyy.com/cn/news.aspx?id=4235',
 'msgFrom': '\xce\xf7\xb0\xb2\xca\xd0\xb5\xda\xbe\xc5\xd2\xbd\xd4\xba',
 'postTime': '\r\n            2010-11-18\r\n        ',
 'title': '\r\n\t\xce\xf7\xb0\xb2\xca\xd0\xb5\xda\xbe\xc5\xd2\xbd\xd4\xba(\xce\xf7\xb0\xb2\xca\xd0\xcc\xfa\xc2\xb7\xd6\xd0\xd0\xc4\xd2\xbd\xd4\xba)\r\n'}
2017-03-30 18:24:06 [scrapy.core.scraper] WARNING: Dropped: 去掉不符合信息
{'desc': '\xb9\xd8\xd3\xda\xbf\xaa\xd5\xb92010\xc4\xea\xb6\xc8\xce\xc0\xc9\xfa\xb8\xb1\xb8\xdf\xbc\xb6\xd7\xa8\xd2\xb5\xbc\xbc\xca\xf5\xd7\xca\xb8\xf1\xc6\xc0\xc9\xf3\xb9\xa4\xd7\xf7\xb5\xc4\xcd\xa8\xd6\xaa',
 'link': u'http://www.xtzxyy.com/cn/news.aspx?id=4234',
 'msgFrom': '\xce\xf7\xb0\xb2\xca\xd0\xb5\xda\xbe\xc5\xd2\xbd\xd4\xba',
 'postTime': '\r\n            2010-11-05\r\n        ',
 'title': '\r\n\t\xce\xf7\xb0\xb2\xca\xd0\xb5\xda\xbe\xc5\xd2\xbd\xd4\xba(\xce\xf7\xb0\xb2\xca\xd0\xcc\xfa\xc2\xb7\xd6\xd0\xd0\xc4\xd2\xbd\xd4\xba)\r\n'}
2017-03-30 18:24:07 [scrapy.core.scraper] WARNING: Dropped: 去掉不符合信息
{'desc': '\xce\xaa\xd4\xd6\xc7\xf8\xc4\xbc\xbe\xe8',
 'link': u'http://www.xtzxyy.com/cn/news.aspx?id=4180',
 'msgFrom': '\xce\xf7\xb0\xb2\xca\xd0\xb5\xda\xbe\xc5\xd2\xbd\xd4\xba',
 'postTime': '\r\n            2008-05-14\r\n        ',
 'title': '\r\n\t\xce\xf7\xb0\xb2\xca\xd0\xb5\xda\xbe\xc5\xd2\xbd\xd4\xba(\xce\xf7\xb0\xb2\xca\xd0\xcc\xfa\xc2\xb7\xd6\xd0\xd0\xc4\xd2\xbd\xd4\xba)\r\n'}
2017-03-30 18:24:07 [scrapy.core.scraper] WARNING: Dropped: 去掉不符合信息
{'desc': '\xce\xd2\xd4\xba\xbe\xd9\xb0\xec\xb8\xbe\xbf\xc6\xb3\xa3\xbc\xfb\xbc\xb2\xb2\xa1\xd7\xa8\xcc\xe2\xbd\xb2\xd7\xf9',
 'link': u'http://www.xtzxyy.com/cn/news.aspx?id=4179',
 'msgFrom': '\xce\xf7\xb0\xb2\xca\xd0\xb5\xda\xbe\xc5\xd2\xbd\xd4\xba',
 'postTime': '\r\n            2008-05-06\r\n        ',
 'title': '\r\n\t\xce\xf7\xb0\xb2\xca\xd0\xb5\xda\xbe\xc5\xd2\xbd\xd4\xba(\xce\xf7\xb0\xb2\xca\xd0\xcc\xfa\xc2\xb7\xd6\xd0\xd0\xc4\xd2\xbd\xd4\xba)\r\n'}
2017-03-30 18:24:07 [scrapy.core.scraper] WARNING: Dropped: 去掉不符合信息
{'desc': '\xce\xe5\xd2\xbb\xc0\xcd\xb6\xaf\xbd\xda\xb7\xc5\xbc\xd9\xcd\xa8\xd6\xaa',
 'link': u'http://www.xtzxyy.com/cn/news.aspx?id=4178',
 'msgFrom': '\xce\xf7\xb0\xb2\xca\xd0\xb5\xda\xbe\xc5\xd2\xbd\xd4\xba',
 'postTime': '\r\n            2008-04-29\r\n        ',
 'title': '\r\n\t\xce\xf7\xb0\xb2\xca\xd0\xb5\xda\xbe\xc5\xd2\xbd\xd4\xba(\xce\xf7\xb0\xb2\xca\xd0\xcc\xfa\xc2\xb7\xd6\xd0\xd0\xc4\xd2\xbd\xd4\xba)\r\n'}
2017-03-30 18:24:07 [scrapy.core.scraper] WARNING: Dropped: 去掉不符合信息
{'desc': '\xd2\xbd\xd4\xba\xbe\xd9\xb0\xec\xcc\xc7\xc4\xf2\xb2\xa1\xd6\xaa\xca\xb6\xbd\xb2\xd7\xf9',
 'link': u'http://www.xtzxyy.com/cn/news.aspx?id=4177',
 'msgFrom': '\xce\xf7\xb0\xb2\xca\xd0\xb5\xda\xbe\xc5\xd2\xbd\xd4\xba',
 'postTime': '\r\n            2008-04-24\r\n        ',
 'title': '\r\n\t\xce\xf7\xb0\xb2\xca\xd0\xb5\xda\xbe\xc5\xd2\xbd\xd4\xba(\xce\xf7\xb0\xb2\xca\xd0\xcc\xfa\xc2\xb7\xd6\xd0\xd0\xc4\xd2\xbd\xd4\xba)\r\n'}
2017-03-30 18:24:07 [scrapy.core.scraper] WARNING: Dropped: 去掉不符合信息
{'desc': '\xa1\xb0\xc8\xfd\xb0\xcb\xa1\xb1\xd3\xc5\xbb\xdd\xb7\xfe\xce\xf1\xd4\xc2\xbb\xee\xb6\xaf\xd1\xd3\xd0\xf8\xb5\xbd\xcb\xc4\xd4\xc2\xb5\xd7',
 'link': u'http://www.xtzxyy.com/cn/news.aspx?id=4176',
 'msgFrom': '\xce\xf7\xb0\xb2\xca\xd0\xb5\xda\xbe\xc5\xd2\xbd\xd4\xba',
 'postTime': '\r\n            2008-04-09\r\n        ',
 'title': '\r\n\t\xce\xf7\xb0\xb2\xca\xd0\xb5\xda\xbe\xc5\xd2\xbd\xd4\xba(\xce\xf7\xb0\xb2\xca\xd0\xcc\xfa\xc2\xb7\xd6\xd0\xd0\xc4\xd2\xbd\xd4\xba)\r\n'}
2017-03-30 18:24:07 [scrapy.core.scraper] WARNING: Dropped: 去掉不符合信息
{'desc': '\xc3\xe2\xb7\xd1\xb9\xac\xbe\xb1\xb0\xa9\xc9\xb8\xb2\xe9\xbb\xee\xb6\xaf\xbc\xb4\xbd\xab\xbf\xaa\xca\xbc',
 'link': u'http://www.xtzxyy.com/cn/news.aspx?id=4175',
 'msgFrom': '\xce\xf7\xb0\xb2\xca\xd0\xb5\xda\xbe\xc5\xd2\xbd\xd4\xba',
 'postTime': '\r\n            2008-04-07\r\n        ',
 'title': '\r\n\t\xce\xf7\xb0\xb2\xca\xd0\xb5\xda\xbe\xc5\xd2\xbd\xd4\xba(\xce\xf7\xb0\xb2\xca\xd0\xcc\xfa\xc2\xb7\xd6\xd0\xd0\xc4\xd2\xbd\xd4\xba)\r\n'}
2017-03-30 18:24:07 [scrapy.core.scraper] WARNING: Dropped: 去掉不符合信息
{'desc': '3\xd4\xc213\xc8\xd5\xc9\xf6\xd4\xe0\xb2\xa1\xd7\xa8\xbf\xc6\xbe\xcd\xd2\xbd\xc3\xe2\xb9\xd2\xba\xc5\xb7\xd1',
 'link': u'http://www.xtzxyy.com/cn/news.aspx?id=4174',
 'msgFrom': '\xce\xf7\xb0\xb2\xca\xd0\xb5\xda\xbe\xc5\xd2\xbd\xd4\xba',
 'postTime': '\r\n            2008-03-13\r\n        ',
 'title': '\r\n\t\xce\xf7\xb0\xb2\xca\xd0\xb5\xda\xbe\xc5\xd2\xbd\xd4\xba(\xce\xf7\xb0\xb2\xca\xd0\xcc\xfa\xc2\xb7\xd6\xd0\xd0\xc4\xd2\xbd\xd4\xba)\r\n'}
2017-03-30 18:24:07 [scrapy.core.scraper] WARNING: Dropped: 去掉不符合信息
{'desc': '\xce\xd2\xd4\xba\xb8\xbe\xb2\xfa\xbf\xc6\xbf\xaa\xd5\xb9\xc7\xec\xa1\xb0\xc8\xfd\xb0\xcb\xa1\xb1\xd3\xc5\xbb\xdd\xb7\xfe\xce\xf1\xd4\xc2\xbb\xee\xb6\xaf',
 'link': u'http://www.xtzxyy.com/cn/news.aspx?id=4173',
 'msgFrom': '\xce\xf7\xb0\xb2\xca\xd0\xb5\xda\xbe\xc5\xd2\xbd\xd4\xba',
 'postTime': '\r\n            2008-03-06\r\n        ',
 'title': '\r\n\t\xce\xf7\xb0\xb2\xca\xd0\xb5\xda\xbe\xc5\xd2\xbd\xd4\xba(\xce\xf7\xb0\xb2\xca\xd0\xcc\xfa\xc2\xb7\xd6\xd0\xd0\xc4\xd2\xbd\xd4\xba)\r\n'}
2017-03-30 18:24:07 [scrapy.core.scraper] WARNING: Dropped: 去掉不符合信息
{'desc': '\xb4\xba\xbd\xda\xc6\xda\xbc\xe4\xc3\xc5\xbc\xb1\xd5\xef\xb9\xd2\xba\xc5\xb7\xd1\xc8\xab\xc3\xe2',
 'link': u'http://www.xtzxyy.com/cn/news.aspx?id=4172',
 'msgFrom': '\xce\xf7\xb0\xb2\xca\xd0\xb5\xda\xbe\xc5\xd2\xbd\xd4\xba',
 'postTime': '\r\n            2008-02-05\r\n        ',
 'title': '\r\n\t\xce\xf7\xb0\xb2\xca\xd0\xb5\xda\xbe\xc5\xd2\xbd\xd4\xba(\xce\xf7\xb0\xb2\xca\xd0\xcc\xfa\xc2\xb7\xd6\xd0\xd0\xc4\xd2\xbd\xd4\xba)\r\n'}
2017-03-30 18:24:07 [scrapy.core.scraper] WARNING: Dropped: 去掉不符合信息
{'desc': '2008\xc4\xea\xb4\xba\xbd\xda\xb7\xc5\xbc\xd9\xcd\xa8\xd6\xaa',
 'link': u'http://www.xtzxyy.com/cn/news.aspx?id=4171',
 'msgFrom': '\xce\xf7\xb0\xb2\xca\xd0\xb5\xda\xbe\xc5\xd2\xbd\xd4\xba',
 'postTime': '\r\n            2008-02-03\r\n        ',
 'title': '\r\n\t\xce\xf7\xb0\xb2\xca\xd0\xb5\xda\xbe\xc5\xd2\xbd\xd4\xba(\xce\xf7\xb0\xb2\xca\xd0\xcc\xfa\xc2\xb7\xd6\xd0\xd0\xc4\xd2\xbd\xd4\xba)\r\n'}
2017-03-30 18:24:07 [scrapy.core.scraper] WARNING: Dropped: 去掉不符合信息
{'desc': '2008\xc4\xea\xd4\xaa\xb5\xa9\xb7\xc5\xbc\xd9\xcd\xa8\xd6\xaa',
 'link': u'http://www.xtzxyy.com/cn/news.aspx?id=4170',
 'msgFrom': '\xce\xf7\xb0\xb2\xca\xd0\xb5\xda\xbe\xc5\xd2\xbd\xd4\xba',
 'postTime': '\r\n            2007-12-26\r\n        ',
 'title': '\r\n\t\xce\xf7\xb0\xb2\xca\xd0\xb5\xda\xbe\xc5\xd2\xbd\xd4\xba(\xce\xf7\xb0\xb2\xca\xd0\xcc\xfa\xc2\xb7\xd6\xd0\xd0\xc4\xd2\xbd\xd4\xba)\r\n'}
2017-03-30 18:24:07 [scrapy.core.scraper] WARNING: Dropped: 去掉不符合信息
{'desc': '2008\xc4\xea\xb6\xc8\xc8\xab\xb9\xfa\xd7\xa8\xd2\xb5\xbc\xbc\xca\xf5\xc8\xcb\xd4\xb1\xd6\xb0\xb3\xc6\xcd\xe2\xd3\xef\xb5\xc8\xbc\xb6\xbf\xbc\xca\xd4\xb1\xa8\xc3\xfb\xbf\xaa\xca\xbc\xc1\xcb',
 'link': u'http://www.xtzxyy.com/cn/news.aspx?id=4169',
 'msgFrom': '\xce\xf7\xb0\xb2\xca\xd0\xb5\xda\xbe\xc5\xd2\xbd\xd4\xba',
 'postTime': '\r\n            2007-12-10\r\n        ',
 'title': '\r\n\t\xce\xf7\xb0\xb2\xca\xd0\xb5\xda\xbe\xc5\xd2\xbd\xd4\xba(\xce\xf7\xb0\xb2\xca\xd0\xcc\xfa\xc2\xb7\xd6\xd0\xd0\xc4\xd2\xbd\xd4\xba)\r\n'}
2017-03-30 18:24:07 [scrapy.core.scraper] WARNING: Dropped: 去掉不符合信息
{'desc': '\xca\xa1\xd2\xbd\xb1\xa3\xbb\xbc\xd5\xdf\xbf\xc9\xcb\xa2\xbf\xa8\xbd\xe1\xcb\xe3',
 'link': u'http://www.xtzxyy.com/cn/news.aspx?id=4168',
 'msgFrom': '\xce\xf7\xb0\xb2\xca\xd0\xb5\xda\xbe\xc5\xd2\xbd\xd4\xba',
 'postTime': '\r\n            2007-11-29\r\n        ',
 'title': '\r\n\t\xce\xf7\xb0\xb2\xca\xd0\xb5\xda\xbe\xc5\xd2\xbd\xd4\xba(\xce\xf7\xb0\xb2\xca\xd0\xcc\xfa\xc2\xb7\xd6\xd0\xd0\xc4\xd2\xbd\xd4\xba)\r\n'}
2017-03-30 18:24:07 [scrapy.core.scraper] WARNING: Dropped: 去掉不符合信息
{'desc': '2008\xc4\xea\xcd\xbc\xca\xe9\xb9\xdd\xb6\xa9\xd4\xc4\xd6\xd0\xce\xc4\xc6\xda\xbf\xaf\xc4\xbf\xc2\xbc',
 'link': u'http://www.xtzxyy.com/cn/news.aspx?id=4167',
 'msgFrom': '\xce\xf7\xb0\xb2\xca\xd0\xb5\xda\xbe\xc5\xd2\xbd\xd4\xba',
 'postTime': '\r\n            2007-11-28\r\n        ',
 'title': '\r\n\t\xce\xf7\xb0\xb2\xca\xd0\xb5\xda\xbe\xc5\xd2\xbd\xd4\xba(\xce\xf7\xb0\xb2\xca\xd0\xcc\xfa\xc2\xb7\xd6\xd0\xd0\xc4\xd2\xbd\xd4\xba)\r\n'}
2017-03-30 18:24:07 [scrapy.core.scraper] WARNING: Dropped: 去掉不符合信息
{'desc': '2008\xc4\xea\xb3\xf5\xd6\xd0\xbc\xb6\xce\xc0\xc9\xfa\xd7\xa8\xd2\xb5\xbc\xbc\xca\xf5\xd7\xca\xb8\xf1\xbf\xbc\xca\xd4\xb1\xa8\xc3\xfb\xb9\xa4\xd7\xf7\xbf\xaa\xca\xbc',
 'link': u'http://www.xtzxyy.com/cn/news.aspx?id=4166',
 'msgFrom': '\xce\xf7\xb0\xb2\xca\xd0\xb5\xda\xbe\xc5\xd2\xbd\xd4\xba',
 'postTime': '\r\n            2007-11-22\r\n        ',
 'title': '\r\n\t\xce\xf7\xb0\xb2\xca\xd0\xb5\xda\xbe\xc5\xd2\xbd\xd4\xba(\xce\xf7\xb0\xb2\xca\xd0\xcc\xfa\xc2\xb7\xd6\xd0\xd0\xc4\xd2\xbd\xd4\xba)\r\n'}
2017-03-30 18:24:07 [scrapy.core.scraper] WARNING: Dropped: 去掉不符合信息
{'desc': '\xd2\xbd\xd4\xba\xbe\xd9\xd0\xd0\xa1\xb0\xca\xc0\xbd\xe7\xcc\xc7\xc4\xf2\xb2\xa1\xc8\xd5\xa1\xb1\xd2\xe5\xd5\xef\xbb\xee\xb6\xaf',
 'link': u'http://www.xtzxyy.com/cn/news.aspx?id=4165',
 'msgFrom': '\xce\xf7\xb0\xb2\xca\xd0\xb5\xda\xbe\xc5\xd2\xbd\xd4\xba',
 'postTime': '\r\n            2007-11-12\r\n        ',
 'title': '\r\n\t\xce\xf7\xb0\xb2\xca\xd0\xb5\xda\xbe\xc5\xd2\xbd\xd4\xba(\xce\xf7\xb0\xb2\xca\xd0\xcc\xfa\xc2\xb7\xd6\xd0\xd0\xc4\xd2\xbd\xd4\xba)\r\n'}
2017-03-30 18:24:07 [scrapy.core.scraper] WARNING: Dropped: 去掉不符合信息
{'desc': '\xb9\xd8\xd3\xda\xd6\xf0\xb2\xbd\xcd\xa3\xd6\xb9\xca\xb9\xd3\xc3\xbc\xd7\xbb\xc7\xcb\xe1\xc5\xe0\xb8\xdf\xc0\xfb\xcc\xd8\xd6\xc6\xbc\xc1\xb5\xc4\xcd\xa8\xd6\xaa',
 'link': u'http://www.xtzxyy.com/cn/news.aspx?id=4164',
 'msgFrom': '\xce\xf7\xb0\xb2\xca\xd0\xb5\xda\xbe\xc5\xd2\xbd\xd4\xba',
 'postTime': '\r\n            2007-11-06\r\n        ',
 'title': '\r\n\t\xce\xf7\xb0\xb2\xca\xd0\xb5\xda\xbe\xc5\xd2\xbd\xd4\xba(\xce\xf7\xb0\xb2\xca\xd0\xcc\xfa\xc2\xb7\xd6\xd0\xd0\xc4\xd2\xbd\xd4\xba)\r\n'}
2017-03-30 18:24:07 [scrapy.core.scraper] WARNING: Dropped: 去掉不符合信息
{'desc': '\xb9\xd8\xd3\xda\xbe\xd9\xb0\xec\xd3\xad\xb0\xc2\xd4\xcb\xc3\xc0\xca\xf5\xa1\xa2\xca\xe9\xb7\xa8\xa1\xa2\xc9\xe3\xd3\xb0\xd7\xf7\xc6\xb7\xd5\xb9\xb5\xc4\xcd\xa8\xd6\xaa',
 'link': u'http://www.xtzxyy.com/cn/news.aspx?id=4163',
 'msgFrom': '\xce\xf7\xb0\xb2\xca\xd0\xb5\xda\xbe\xc5\xd2\xbd\xd4\xba',
 'postTime': '\r\n            2007-09-28\r\n        ',
 'title': '\r\n\t\xce\xf7\xb0\xb2\xca\xd0\xb5\xda\xbe\xc5\xd2\xbd\xd4\xba(\xce\xf7\xb0\xb2\xca\xd0\xcc\xfa\xc2\xb7\xd6\xd0\xd0\xc4\xd2\xbd\xd4\xba)\r\n'}
2017-03-30 18:24:07 [scrapy.core.scraper] WARNING: Dropped: 去掉不符合信息
{'desc': '\xb9\xd8\xd3\xda\xb8\xfc\xb8\xc4\xd7\xf7\xcf\xa2\xca\xb1\xbc\xe4\xb5\xc4\xcd\xa8\xd6\xaa',
 'link': u'http://www.xtzxyy.com/cn/news.aspx?id=4162',
 'msgFrom': '\xce\xf7\xb0\xb2\xca\xd0\xb5\xda\xbe\xc5\xd2\xbd\xd4\xba',
 'postTime': '\r\n            2007-09-17\r\n        ',
 'title': '\r\n\t\xce\xf7\xb0\xb2\xca\xd0\xb5\xda\xbe\xc5\xd2\xbd\xd4\xba(\xce\xf7\xb0\xb2\xca\xd0\xcc\xfa\xc2\xb7\xd6\xd0\xd0\xc4\xd2\xbd\xd4\xba)\r\n'}
2017-03-30 18:24:07 [scrapy.core.scraper] WARNING: Dropped: 去掉不符合信息
{'desc': '\xb9\xd8\xd3\xda\xb7\xa2\xb7\xc5\xb9\xa4\xd7\xca\xca\xb5\xd0\xd0\xa1\xb0\xd2\xbb\xbf\xa8\xcd\xa8\xa1\xb1\xb5\xc4\xcd\xa8\xd6\xaa',
 'link': u'http://www.xtzxyy.com/cn/news.aspx?id=4152',
 'msgFrom': '\xce\xf7\xb0\xb2\xca\xd0\xb5\xda\xbe\xc5\xd2\xbd\xd4\xba',
 'postTime': '\r\n            2007-09-13\r\n        ',
 'title': '\r\n\t\xce\xf7\xb0\xb2\xca\xd0\xb5\xda\xbe\xc5\xd2\xbd\xd4\xba(\xce\xf7\xb0\xb2\xca\xd0\xcc\xfa\xc2\xb7\xd6\xd0\xd0\xc4\xd2\xbd\xd4\xba)\r\n'}
2017-03-30 18:24:07 [scrapy.core.scraper] WARNING: Dropped: 去掉不符合信息
{'desc': '2007\xc4\xea9\xd4\xc2\xc3\xe2\xb7\xd1\xbd\xd3\xd6\xd6\xc2\xe9\xd5\xee\xd2\xdf\xc3\xe7\xb5\xc4\xcd\xa8\xd6\xaa',
 'link': u'http://www.xtzxyy.com/cn/news.aspx?id=4161',
 'msgFrom': '\xce\xf7\xb0\xb2\xca\xd0\xb5\xda\xbe\xc5\xd2\xbd\xd4\xba',
 'postTime': '\r\n            2007-09-04\r\n        ',
 'title': '\r\n\t\xce\xf7\xb0\xb2\xca\xd0\xb5\xda\xbe\xc5\xd2\xbd\xd4\xba(\xce\xf7\xb0\xb2\xca\xd0\xcc\xfa\xc2\xb7\xd6\xd0\xd0\xc4\xd2\xbd\xd4\xba)\r\n'}
2017-03-30 18:24:07 [scrapy.core.scraper] WARNING: Dropped: 去掉不符合信息
{'desc': '2007\xc4\xea\xb8\xdf\xbc\xb6\xd7\xa8\xd2\xb5\xbc\xbc\xca\xf5\xd7\xca\xb8\xf1\xc6\xc0\xc9\xf3\xb9\xa4\xd7\xf7\xbf\xaa\xca\xbc',
 'link': u'http://www.xtzxyy.com/cn/news.aspx?id=4160',
 'msgFrom': '\xce\xf7\xb0\xb2\xca\xd0\xb5\xda\xbe\xc5\xd2\xbd\xd4\xba',
 'postTime': '\r\n            2007-08-28\r\n        ',
 'title': '\r\n\t\xce\xf7\xb0\xb2\xca\xd0\xb5\xda\xbe\xc5\xd2\xbd\xd4\xba(\xce\xf7\xb0\xb2\xca\xd0\xcc\xfa\xc2\xb7\xd6\xd0\xd0\xc4\xd2\xbd\xd4\xba)\r\n'}
2017-03-30 18:24:07 [scrapy.core.scraper] WARNING: Dropped: 去掉不符合信息
{'desc': '\xb9\xd8\xd3\xda\xb4\xd3\xd2\xa9\xc6\xb7\xc4\xbf\xc2\xbc\xd6\xd0\xc9\xbe\xb3\xfd\xcc\xe6\xbc\xd3\xc9\xab\xc2\xde\xb5\xc4\xcd\xa8\xd6\xaa',
 'link': u'http://www.xtzxyy.com/cn/news.aspx?id=4159',
 'msgFrom': '\xce\xf7\xb0\xb2\xca\xd0\xb5\xda\xbe\xc5\xd2\xbd\xd4\xba',
 'postTime': '\r\n            2007-07-31\r\n        ',
 'title': '\r\n\t\xce\xf7\xb0\xb2\xca\xd0\xb5\xda\xbe\xc5\xd2\xbd\xd4\xba(\xce\xf7\xb0\xb2\xca\xd0\xcc\xfa\xc2\xb7\xd6\xd0\xd0\xc4\xd2\xbd\xd4\xba)\r\n'}
2017-03-30 18:24:07 [scrapy.core.scraper] WARNING: Dropped: 去掉不符合信息
{'desc': '\xce\xd2\xd4\xba\xb6\xa8\xc6\xda\xbe\xd9\xb0\xec\xcc\xc7\xc4\xf2\xb2\xa1\xd6\xaa\xca\xb6\xbd\xb2\xd7\xf9',
 'link': u'http://www.xtzxyy.com/cn/news.aspx?id=4158',
 'msgFrom': '\xce\xf7\xb0\xb2\xca\xd0\xb5\xda\xbe\xc5\xd2\xbd\xd4\xba',
 'postTime': '\r\n            2007-07-25\r\n        ',
 'title': '\r\n\t\xce\xf7\xb0\xb2\xca\xd0\xb5\xda\xbe\xc5\xd2\xbd\xd4\xba(\xce\xf7\xb0\xb2\xca\xd0\xcc\xfa\xc2\xb7\xd6\xd0\xd0\xc4\xd2\xbd\xd4\xba)\r\n'}
2017-03-30 18:24:07 [scrapy.core.scraper] WARNING: Dropped: 去掉不符合信息
{'desc': '\xce\xf7\xb0\xb2\xca\xd0\xc9\xcc\xd2\xb5\xd2\xf8\xd0\xd0\xb8\xa3\xc8\xf0\xbf\xa8\xc3\xe2\xb7\xd1\xb8\xfc\xbb\xbb\xd0\xc2\xbf\xa8',
 'link': u'http://www.xtzxyy.com/cn/news.aspx?id=4157',
 'msgFrom': '\xce\xf7\xb0\xb2\xca\xd0\xb5\xda\xbe\xc5\xd2\xbd\xd4\xba',
 'postTime': '\r\n            2007-05-16\r\n        ',
 'title': '\r\n\t\xce\xf7\xb0\xb2\xca\xd0\xb5\xda\xbe\xc5\xd2\xbd\xd4\xba(\xce\xf7\xb0\xb2\xca\xd0\xcc\xfa\xc2\xb7\xd6\xd0\xd0\xc4\xd2\xbd\xd4\xba)\r\n'}
2017-03-30 18:24:07 [scrapy.core.scraper] WARNING: Dropped: 去掉不符合信息
{'desc': '\xb7\xb4\xd0\xb0\xbd\xcc\xb7\xa8\xd6\xc6\xd6\xaa\xca\xb6\xcd\xf8\xc9\xcf\xbe\xba\xc8\xfc\xb4\xf0\xcc\xe2\xb5\xc4\xcd\xa8\xd6\xaa',
 'link': u'http://www.xtzxyy.com/cn/news.aspx?id=4306',
 'msgFrom': '\xce\xf7\xb0\xb2\xca\xd0\xb5\xda\xbe\xc5\xd2\xbd\xd4\xba',
 'postTime': '\r\n            2013-10-21\r\n        ',
 'title': '\r\n\t\xce\xf7\xb0\xb2\xca\xd0\xb5\xda\xbe\xc5\xd2\xbd\xd4\xba(\xce\xf7\xb0\xb2\xca\xd0\xcc\xfa\xc2\xb7\xd6\xd0\xd0\xc4\xd2\xbd\xd4\xba)\r\n'}
2017-03-30 18:24:07 [scrapy.core.scraper] WARNING: Dropped: 去掉不符合信息
{'desc': '\xb9\xd8\xd3\xda\xce\xf7\xb0\xb2\xca\xd0\xb5\xda\xbe\xc5\xd2\xbd\xd4\xba\xcd\xc5\xb9\xba\xb7\xbf\xce\xdd\xb5\xc4\xcd\xa8\xd6\xaa',
 'link': u'http://www.xtzxyy.com/cn/news.aspx?id=4294',
 'msgFrom': '\xce\xf7\xb0\xb2\xca\xd0\xb5\xda\xbe\xc5\xd2\xbd\xd4\xba',
 'postTime': '\r\n            2013-07-24\r\n        ',
 'title': '\r\n\t\xce\xf7\xb0\xb2\xca\xd0\xb5\xda\xbe\xc5\xd2\xbd\xd4\xba(\xce\xf7\xb0\xb2\xca\xd0\xcc\xfa\xc2\xb7\xd6\xd0\xd0\xc4\xd2\xbd\xd4\xba)\r\n'}
2017-03-30 18:24:07 [scrapy.core.scraper] WARNING: Dropped: 去掉不符合信息
{'desc': '\xce\xd2\xd4\xba\xbe\xd9\xb0\xec\xa1\xb0\xc5\xae\xd0\xd4\xb8\xfc\xc4\xea\xc6\xda\xb1\xa3\xbd\xa1\xd3\xeb\xd6\xce\xc1\xc6\xb5\xc4\xd0\xc2\xc0\xed\xc4\xee\xa1\xa2\xd0\xc2\xb7\xbd\xb7\xa8\xa1\xb1\xbd\xb2\xd7\xf9',
 'link': u'http://www.xtzxyy.com/cn/news.aspx?id=4289',
 'msgFrom': '\xce\xf7\xb0\xb2\xca\xd0\xb5\xda\xbe\xc5\xd2\xbd\xd4\xba',
 'postTime': '\r\n            2013-05-15\r\n        ',
 'title': '\r\n\t\xce\xf7\xb0\xb2\xca\xd0\xb5\xda\xbe\xc5\xd2\xbd\xd4\xba(\xce\xf7\xb0\xb2\xca\xd0\xcc\xfa\xc2\xb7\xd6\xd0\xd0\xc4\xd2\xbd\xd4\xba)\r\n'}
2017-03-30 18:24:07 [scrapy.core.scraper] WARNING: Dropped: 去掉不符合信息
{'desc': '\xce\xd2\xd4\xba\xbe\xd9\xd0\xd0\xcf\xf8\xb4\xad\xd6\xaa\xca\xb6\xbd\xb2\xd7\xf9',
 'link': u'http://www.xtzxyy.com/cn/news.aspx?id=4286',
 'msgFrom': '\xce\xf7\xb0\xb2\xca\xd0\xb5\xda\xbe\xc5\xd2\xbd\xd4\xba',
 'postTime': '\r\n            2013-05-02\r\n        ',
 'title': '\r\n\t\xce\xf7\xb0\xb2\xca\xd0\xb5\xda\xbe\xc5\xd2\xbd\xd4\xba(\xce\xf7\xb0\xb2\xca\xd0\xcc\xfa\xc2\xb7\xd6\xd0\xd0\xc4\xd2\xbd\xd4\xba)\r\n'}
2017-03-30 18:24:07 [scrapy.core.scraper] WARNING: Dropped: 去掉不符合信息
{'desc': '\xcf\xb2\xd1\xb6',
 'link': u'http://www.xtzxyy.com/cn/news.aspx?id=4330',
 'msgFrom': '\xce\xf7\xb0\xb2\xca\xd0\xb5\xda\xbe\xc5\xd2\xbd\xd4\xba',
 'postTime': '\r\n            2014-02-27\r\n        ',
 'title': '\r\n\t\xce\xf7\xb0\xb2\xca\xd0\xb5\xda\xbe\xc5\xd2\xbd\xd4\xba(\xce\xf7\xb0\xb2\xca\xd0\xcc\xfa\xc2\xb7\xd6\xd0\xd0\xc4\xd2\xbd\xd4\xba)\r\n'}
2017-03-30 18:24:07 [scrapy.core.scraper] WARNING: Dropped: 去掉不符合信息
{'desc': '\xa1\xb6\xbd\xa1\xbf\xb5\xbd\xb2\xd7\xf9\xa1\xb7\xcd\xa8\xd6\xaa',
 'link': u'http://www.xtzxyy.com/cn/news.aspx?id=4329',
 'msgFrom': '\xce\xf7\xb0\xb2\xca\xd0\xb5\xda\xbe\xc5\xd2\xbd\xd4\xba',
 'postTime': '\r\n            2014-02-25\r\n        ',
 'title': '\r\n\t\xce\xf7\xb0\xb2\xca\xd0\xb5\xda\xbe\xc5\xd2\xbd\xd4\xba(\xce\xf7\xb0\xb2\xca\xd0\xcc\xfa\xc2\xb7\xd6\xd0\xd0\xc4\xd2\xbd\xd4\xba)\r\n'}
2017-03-30 18:24:07 [scrapy.core.scraper] WARNING: Dropped: 去掉不符合信息
{'desc': '\xb7\xb4\xd0\xb0\xbd\xcc\xb7\xa8\xd6\xc6\xd6\xaa\xca\xb6\xcd\xf8\xc9\xcf\xbe\xba\xc8\xfc\xb4\xf0\xcc\xe2\xb5\xc4\xcd\xa8\xd6\xaa',
 'link': u'http://www.xtzxyy.com/cn/news.aspx?id=4306',
 'msgFrom': '\xce\xf7\xb0\xb2\xca\xd0\xb5\xda\xbe\xc5\xd2\xbd\xd4\xba',
 'postTime': '\r\n            2013-10-21\r\n        ',
 'title': '\r\n\t\xce\xf7\xb0\xb2\xca\xd0\xb5\xda\xbe\xc5\xd2\xbd\xd4\xba(\xce\xf7\xb0\xb2\xca\xd0\xcc\xfa\xc2\xb7\xd6\xd0\xd0\xc4\xd2\xbd\xd4\xba)\r\n'}
2017-03-30 18:24:08 [scrapy.core.scraper] WARNING: Dropped: 去掉不符合信息
{'desc': '\xd1\xa7\xca\xf5\xbb\xe1\xd2\xe9\xcd\xa8\xd6\xaa',
 'link': u'http://www.xtzxyy.com/cn/news.aspx?id=4338',
 'msgFrom': '\xce\xf7\xb0\xb2\xca\xd0\xb5\xda\xbe\xc5\xd2\xbd\xd4\xba',
 'postTime': '\r\n            2014-04-28\r\n        ',
 'title': '\r\n\t\xce\xf7\xb0\xb2\xca\xd0\xb5\xda\xbe\xc5\xd2\xbd\xd4\xba(\xce\xf7\xb0\xb2\xca\xd0\xcc\xfa\xc2\xb7\xd6\xd0\xd0\xc4\xd2\xbd\xd4\xba)\r\n'}
2017-03-30 18:24:08 [scrapy.core.scraper] WARNING: Dropped: 去掉不符合信息
{'desc': '\xcd\xa8\xd6\xaa',
 'link': u'http://www.xtzxyy.com/cn/news.aspx?id=4336',
 'msgFrom': '\xce\xf7\xb0\xb2\xca\xd0\xb5\xda\xbe\xc5\xd2\xbd\xd4\xba',
 'postTime': '\r\n            2014-04-02\r\n        ',
 'title': '\r\n\t\xce\xf7\xb0\xb2\xca\xd0\xb5\xda\xbe\xc5\xd2\xbd\xd4\xba(\xce\xf7\xb0\xb2\xca\xd0\xcc\xfa\xc2\xb7\xd6\xd0\xd0\xc4\xd2\xbd\xd4\xba)\r\n'}
2017-03-30 18:24:08 [scrapy.core.scraper] WARNING: Dropped: 去掉不符合信息
{'desc': '\xcd\xa8\xd6\xaa',
 'link': u'http://www.xtzxyy.com/cn/news.aspx?id=4332',
 'msgFrom': '\xce\xf7\xb0\xb2\xca\xd0\xb5\xda\xbe\xc5\xd2\xbd\xd4\xba',
 'postTime': '\r\n            2014-03-05\r\n        ',
 'title': '\r\n\t\xce\xf7\xb0\xb2\xca\xd0\xb5\xda\xbe\xc5\xd2\xbd\xd4\xba(\xce\xf7\xb0\xb2\xca\xd0\xcc\xfa\xc2\xb7\xd6\xd0\xd0\xc4\xd2\xbd\xd4\xba)\r\n'}
2017-03-30 18:24:08 [scrapy.core.scraper] WARNING: Dropped: 去掉不符合信息
{'desc': '\xd2\xbd\xd4\xba\xbc\xcc\xd0\xf8\xce\xaa\xc8\xab\xd4\xba\xd5\xfd\xca\xbd\xd6\xb0\xb9\xa4\xb0\xec\xc0\xed\xa1\xb0\xd6\xb0\xb9\xa4\xd2\xbd\xc1\xc6\xbb\xa5\xd6\xfa\xb1\xa3\xd5\xcf\xbc\xc6\xbb\xae\xa1\xb1',
 'link': u'http://www.xtzxyy.com/cn/news.aspx?id=4333',
 'msgFrom': '\xce\xf7\xb0\xb2\xca\xd0\xb5\xda\xbe\xc5\xd2\xbd\xd4\xba',
 'postTime': '\r\n            2014-03-05\r\n        ',
 'title': '\r\n\t\xce\xf7\xb0\xb2\xca\xd0\xb5\xda\xbe\xc5\xd2\xbd\xd4\xba(\xce\xf7\xb0\xb2\xca\xd0\xcc\xfa\xc2\xb7\xd6\xd0\xd0\xc4\xd2\xbd\xd4\xba)\r\n'}
2017-03-30 18:24:09 [scrapy.core.scraper] WARNING: Dropped: 去掉不符合信息
{'desc': '\xc7\xec\xa1\xb0\xc8\xfd\xb0\xcb\xa1\xb1\xb8\xbe\xc5\xae\xbc\xec\xb2\xe9\xd6\xce\xc1\xc6\xb4\xf3\xd3\xc5\xbb\xdd',
 'link': u'http://www.xtzxyy.com/cn/news.aspx?id=4280',
 'msgFrom': '\xce\xf7\xb0\xb2\xca\xd0\xb5\xda\xbe\xc5\xd2\xbd\xd4\xba',
 'postTime': '\r\n            2013-02-25\r\n        ',
 'title': '\r\n\t\xce\xf7\xb0\xb2\xca\xd0\xb5\xda\xbe\xc5\xd2\xbd\xd4\xba(\xce\xf7\xb0\xb2\xca\xd0\xcc\xfa\xc2\xb7\xd6\xd0\xd0\xc4\xd2\xbd\xd4\xba)\r\n'}
2017-03-30 18:24:09 [scrapy.core.scraper] WARNING: Dropped: 去掉不符合信息
{'desc': '\xb6\xcb\xce\xe7\xbd\xda\xb7\xc5\xbc\xd9\xcd\xa8\xd6\xaa',
 'link': u'http://www.xtzxyy.com/cn/news.aspx?id=4272',
 'msgFrom': '\xce\xf7\xb0\xb2\xca\xd0\xb5\xda\xbe\xc5\xd2\xbd\xd4\xba',
 'postTime': '\r\n            2012-06-07\r\n        ',
 'title': '\r\n\t\xce\xf7\xb0\xb2\xca\xd0\xb5\xda\xbe\xc5\xd2\xbd\xd4\xba(\xce\xf7\xb0\xb2\xca\xd0\xcc\xfa\xc2\xb7\xd6\xd0\xd0\xc4\xd2\xbd\xd4\xba)\r\n'}
2017-03-30 18:24:10 [scrapy.core.scraper] WARNING: Dropped: 去掉不符合信息
{'desc': '\xce\xf7\xb0\xb2\xca\xd0\xce\xc0\xc9\xfa\xbe\xd6\xb9\xd8\xd3\xda\xbe\xd9\xb0\xec\xc5\xe0\xd1\xb5\xb0\xe0\xd1\xaa\xd2\xba\xcd\xb8\xce\xf6\xbb\xa4\xc0\xed\xb2\xd9\xd7\xf7\xd6\xca\xc1\xbf\xbf\xd8\xd6\xc6\xb5\xc4\xcd\xa8\xd6\xaa',
 'link': u'http://www.xtzxyy.com/cn/news.aspx?id=4273',
 'msgFrom': '\xce\xf7\xb0\xb2\xca\xd0\xb5\xda\xbe\xc5\xd2\xbd\xd4\xba',
 'postTime': '\r\n            2012-06-07\r\n        ',
 'title': '\r\n\t\xce\xf7\xb0\xb2\xca\xd0\xb5\xda\xbe\xc5\xd2\xbd\xd4\xba(\xce\xf7\xb0\xb2\xca\xd0\xcc\xfa\xc2\xb7\xd6\xd0\xd0\xc4\xd2\xbd\xd4\xba)\r\n'}
2017-03-30 18:24:10 [scrapy.core.scraper] WARNING: Dropped: 去掉不符合信息
{'desc': '\xce\xf7\xb0\xb2\xca\xd0\xd6\xb0\xb9\xa4\xb1\xa3\xcf\xd5\xbb\xa5\xd6\xfa\xbb\xe1\xcd\xa8\xd6\xaa',
 'link': u'http://www.xtzxyy.com/cn/news.aspx?id=4269',
 'msgFrom': '\xce\xf7\xb0\xb2\xca\xd0\xb5\xda\xbe\xc5\xd2\xbd\xd4\xba',
 'postTime': '\r\n            2012-04-18\r\n        ',
 'title': '\r\n\t\xce\xf7\xb0\xb2\xca\xd0\xb5\xda\xbe\xc5\xd2\xbd\xd4\xba(\xce\xf7\xb0\xb2\xca\xd0\xcc\xfa\xc2\xb7\xd6\xd0\xd0\xc4\xd2\xbd\xd4\xba)\r\n'}
2017-03-30 18:24:10 [scrapy.core.scraper] WARNING: Dropped: 去掉不符合信息
{'desc': '\xc7\xe5\xc3\xf7\xbd\xda\xb7\xc5\xbc\xd9\xcd\xa8\xd6\xaa',
 'link': u'http://www.xtzxyy.com/cn/news.aspx?id=4267',
 'msgFrom': '\xce\xf7\xb0\xb2\xca\xd0\xb5\xda\xbe\xc5\xd2\xbd\xd4\xba',
 'postTime': '\r\n            2012-03-28\r\n        ',
 'title': '\r\n\t\xce\xf7\xb0\xb2\xca\xd0\xb5\xda\xbe\xc5\xd2\xbd\xd4\xba(\xce\xf7\xb0\xb2\xca\xd0\xcc\xfa\xc2\xb7\xd6\xd0\xd0\xc4\xd2\xbd\xd4\xba)\r\n'}
2017-03-30 18:24:10 [scrapy.core.scraper] WARNING: Dropped: 去掉不符合信息
{'desc': '\xce\xd2\xd4\xba\xba\xf4\xce\xfc\xc4\xda\xbf\xc6\xbd\xab\xbe\xd9\xb0\xecCOPD\xcf\xf8\xb4\xad\xb7\xc0\xd6\xce\xbf\xc6\xc6\xd5\xd6\xaa\xca\xb6\xbd\xb2\xd7\xf9',
 'link': u'http://www.xtzxyy.com/cn/news.aspx?id=4265',
 'msgFrom': '\xce\xf7\xb0\xb2\xca\xd0\xb5\xda\xbe\xc5\xd2\xbd\xd4\xba',
 'postTime': '\r\n            2012-03-05\r\n        ',
 'title': '\r\n\t\xce\xf7\xb0\xb2\xca\xd0\xb5\xda\xbe\xc5\xd2\xbd\xd4\xba(\xce\xf7\xb0\xb2\xca\xd0\xcc\xfa\xc2\xb7\xd6\xd0\xd0\xc4\xd2\xbd\xd4\xba)\r\n'}
2017-03-30 18:24:10 [scrapy.core.scraper] WARNING: Dropped: 去掉不符合信息
{'desc': '\xce\xd2\xd4\xba\xca\xb5\xd0\xd0\xd4\xa4\xd4\xbc\xbe\xcd\xd5\xef\xd3\xc5\xcf\xc8',
 'link': u'http://www.xtzxyy.com/cn/news.aspx?id=4262',
 'msgFrom': '\xce\xf7\xb0\xb2\xca\xd0\xb5\xda\xbe\xc5\xd2\xbd\xd4\xba',
 'postTime': '\r\n            2011-11-25\r\n        ',
 'title': '\r\n\t\xce\xf7\xb0\xb2\xca\xd0\xb5\xda\xbe\xc5\xd2\xbd\xd4\xba(\xce\xf7\xb0\xb2\xca\xd0\xcc\xfa\xc2\xb7\xd6\xd0\xd0\xc4\xd2\xbd\xd4\xba)\r\n'}
2017-03-30 18:24:10 [scrapy.core.scraper] WARNING: Dropped: 去掉不符合信息
{'desc': '\xb9\xd8\xd3\xda\xce\xd2\xd4\xba\xd6\xb0\xb9\xa4\xb2\xce\xbc\xd3\xb9\xa4\xc9\xcb\xb1\xa3\xcf\xd5\xb5\xc4\xcd\xa8\xd6\xaa',
 'link': u'http://www.xtzxyy.com/cn/news.aspx?id=4261',
 'msgFrom': '\xce\xf7\xb0\xb2\xca\xd0\xb5\xda\xbe\xc5\xd2\xbd\xd4\xba',
 'postTime': '\r\n            2011-11-14\r\n        ',
 'title': '\r\n\t\xce\xf7\xb0\xb2\xca\xd0\xb5\xda\xbe\xc5\xd2\xbd\xd4\xba(\xce\xf7\xb0\xb2\xca\xd0\xcc\xfa\xc2\xb7\xd6\xd0\xd0\xc4\xd2\xbd\xd4\xba)\r\n'}
2017-03-30 18:24:10 [scrapy.core.scraper] WARNING: Dropped: 去掉不符合信息
{'desc': '\xce\xf7\xb0\xb2\xca\xd0\xb5\xda\xbe\xc5\xd2\xbd\xd4\xba\xce\xaa\xca\xd0\xc3\xf1\xc6\xd5\xbc\xb0\xcc\xc7\xc4\xf2\xb2\xa1\xbd\xa1\xbf\xb5\xd6\xaa\xca\xb6',
 'link': u'http://www.xtzxyy.com/cn/news.aspx?id=4407',
 'msgFrom': '\xce\xf7\xb0\xb2\xca\xd0\xb5\xda\xbe\xc5\xd2\xbd\xd4\xba',
 'postTime': '\r\n            2015-11-18\r\n        ',
 'title': '\r\n\t\xce\xf7\xb0\xb2\xca\xd0\xb5\xda\xbe\xc5\xd2\xbd\xd4\xba(\xce\xf7\xb0\xb2\xca\xd0\xcc\xfa\xc2\xb7\xd6\xd0\xd0\xc4\xd2\xbd\xd4\xba)\r\n'}
2017-03-30 18:24:10 [scrapy.core.engine] INFO: Closing spider (finished)
2017-03-30 18:24:10 [scrapy.statscollectors] INFO: Dumping Scrapy stats:
{'downloader/request_bytes': 6535,
 'downloader/request_count': 16,
 'downloader/request_method_count/GET': 16,
 'downloader/response_bytes': 138833,
 'downloader/response_count': 16,
 'downloader/response_status_count/200': 15,
 'downloader/response_status_count/404': 1,
 'dupefilter/filtered': 124,
 'finish_reason': 'finished',
 'finish_time': datetime.datetime(2017, 3, 30, 10, 24, 10, 502000),
 'item_dropped_count': 93,
 'item_dropped_reasons_count/DropItem': 93,
 'item_scraped_count': 239,
 'log_count/INFO': 7,
 'log_count/WARNING': 93,
 'request_depth_max': 3,
 'response_received_count': 16,
 'scheduler/dequeued': 15,
 'scheduler/dequeued/memory': 15,
 'scheduler/enqueued': 15,
 'scheduler/enqueued/memory': 15,
 'start_time': datetime.datetime(2017, 3, 30, 10, 24, 5, 918000)}
2017-03-30 18:24:10 [scrapy.core.engine] INFO: Spider closed (finished)
